--------------------------------------------------------------------------------
Makelog started: 2022-09-14 11:47:43
Working directory: /oak/stanford/groups/gentzkow/jccp/template/paper_slides
--------------------------------------------------------------------------------
Input copies successfully created!
External copies successfully created!
Source logs successfully written!
WARNING! The following target files have been modified according to git status:
/oak/stanford/groups/gentzkow/jccp/template/data/output/chips_sold.pdf
/oak/stanford/groups/gentzkow/jccp/template/analysis/output/regression.csv
Executing command: `lyx -e pdf2 "/oak/stanford/groups/gentzkow/jccp/template/paper_slides/code/paper.lyx"`
This is pdfTeX, Version 3.14159265-2.6-1.40.20 (TeX Live 2019/Debian) (preloaded format=pdflatex)
 restricted \write18 enabled.
entering extended mode
(./paper.tex
LaTeX2e <2020-02-02> patch level 2
L3 programming layer <2020-02-14>
This is pdfTeX, Version 3.14159265-2.6-1.40.20 (TeX Live 2019/Debian) (preloaded format=pdflatex)
 restricted \write18 enabled.
entering extended mode
(./paper.tex
LaTeX2e <2020-02-02> patch level 2
L3 programming layer <2020-02-14>

Executing command: `lyx -e pdf2 "/oak/stanford/groups/gentzkow/jccp/template/paper_slides/code/online_appendix.lyx"`
This is pdfTeX, Version 3.14159265-2.6-1.40.20 (TeX Live 2019/Debian) (preloaded format=pdflatex)
 restricted \write18 enabled.
entering extended mode
(./online_appendix.tex
LaTeX2e <2020-02-02> patch level 2
L3 programming layer <2020-02-14>
This is pdfTeX, Version 3.14159265-2.6-1.40.20 (TeX Live 2019/Debian) (preloaded format=pdflatex)
 restricted \write18 enabled.
entering extended mode
(./online_appendix.tex
LaTeX2e <2020-02-02> patch level 2
L3 programming layer <2020-02-14>

Executing command: `lyx -e pdf2 "/oak/stanford/groups/gentzkow/jccp/template/paper_slides/code/slides.lyx"`
This is pdfTeX, Version 3.14159265-2.6-1.40.20 (TeX Live 2019/Debian) (preloaded format=pdflatex)
 restricted \write18 enabled.
entering extended mode
(./slides.tex
LaTeX2e <2020-02-02> patch level 2
L3 programming layer <2020-02-14>
This is pdfTeX, Version 3.14159265-2.6-1.40.20 (TeX Live 2019/Debian) (preloaded format=pdflatex)
 restricted \write18 enabled.
entering extended mode
(./slides.tex
LaTeX2e <2020-02-02> patch level 2
L3 programming layer <2020-02-14>

Output logs successfully written!
--------------------------------------------------------------------------------
Makelog ended: 2022-09-14 11:47:51
Working directory: /oak/stanford/groups/gentzkow/jccp/template/paper_slides
--------------------------------------------------------------------------------
